TN:
SF:hooks/useChatSubmission.ts
FN:25,useChatSubmission
FN:147,onUpdate
FNF:2
FNH:2
FNDA:16,useChatSubmission
FNDA:4,onUpdate
DA:1,1
DA:25,1
DA:26,16
DA:27,16
DA:28,16
DA:29,16
DA:30,16
DA:31,16
DA:32,16
DA:33,16
DA:34,16
DA:35,16
DA:36,16
DA:37,15
DA:38,15
DA:39,15
DA:40,15
DA:41,15
DA:42,15
DA:43,15
DA:45,15
DA:46,16
DA:48,16
DA:49,16
DA:50,12
DA:51,2
DA:52,2
DA:54,10
DA:55,10
DA:56,12
DA:57,1
DA:58,1
DA:60,12
DA:61,12
DA:63,12
DA:64,8
DA:65,10
DA:66,8
DA:67,8
DA:68,2
DA:69,8
DA:70,12
DA:71,1
DA:72,1
DA:74,9
DA:75,9
DA:76,9
DA:77,9
DA:79,12
DA:80,3
DA:81,12
DA:82,5
DA:83,5
DA:85,9
DA:86,9
DA:87,9
DA:88,12
DA:89,16
DA:90,16
DA:92,16
DA:93,16
DA:94,16
DA:95,16
DA:96,1
DA:97,1
DA:99,15
DA:100,15
DA:101,15
DA:102,16
DA:103,16
DA:104,16
DA:106,16
DA:107,14
DA:108,14
DA:109,3
DA:110,3
DA:111,3
DA:112,3
DA:113,3
DA:114,3
DA:115,3
DA:116,3
DA:117,3
DA:118,14
DA:120,12
DA:121,12
DA:123,16
DA:124,16
DA:125,16
DA:127,16
DA:128,1
DA:129,1
DA:131,11
DA:132,11
DA:134,11
DA:135,11
DA:136,11
DA:137,11
DA:138,11
DA:140,11
DA:141,11
DA:142,11
DA:143,11
DA:144,11
DA:145,11
DA:146,11
DA:147,11
DA:148,4
DA:149,4
DA:150,4
DA:151,4
DA:152,4
DA:153,4
DA:154,11
DA:156,8
DA:157,8
DA:158,8
DA:159,8
DA:160,8
DA:161,16
DA:162,3
DA:163,1
DA:164,1
DA:165,1
DA:166,2
DA:167,3
DA:168,3
DA:169,3
DA:170,16
DA:171,11
DA:172,11
DA:173,16
DA:174,16
DA:175,16
DA:176,16
DA:177,16
DA:178,16
DA:179,16
DA:180,16
DA:181,16
DA:182,16
DA:183,16
DA:184,16
DA:185,16
DA:186,16
DA:187,16
DA:188,16
DA:189,16
DA:190,16
LF:149
LH:149
BRDA:25,0,0,16
BRDA:36,1,0,15
BRDA:37,2,0,2
BRDA:38,3,0,2
BRDA:38,4,0,13
BRDA:39,5,0,2
BRDA:42,6,0,0
BRDA:42,7,0,0
BRDA:43,8,0,14
BRDA:43,9,0,1
BRDA:49,10,0,12
BRDA:50,11,0,2
BRDA:52,12,0,10
BRDA:56,13,0,1
BRDA:58,14,0,9
BRDA:60,15,0,0
BRDA:63,16,0,9
BRDA:63,17,0,8
BRDA:70,18,0,1
BRDA:72,19,0,9
BRDA:79,20,0,3
BRDA:81,21,0,6
BRDA:81,22,0,5
BRDA:83,23,0,9
BRDA:64,24,0,10
BRDA:65,25,0,8
BRDA:65,26,0,8
BRDA:67,27,0,2
BRDA:80,28,0,3
BRDA:93,29,0,16
BRDA:94,30,0,1
BRDA:95,31,0,1
BRDA:97,32,0,15
BRDA:102,33,0,14
BRDA:102,34,0,14
BRDA:102,35,0,1
BRDA:103,36,0,14
BRDA:103,37,0,1
BRDA:104,38,0,14
BRDA:104,39,0,1
BRDA:106,40,0,14
BRDA:107,41,0,11
BRDA:108,42,0,3
BRDA:118,43,0,12
BRDA:123,44,0,2
BRDA:123,45,0,10
BRDA:124,46,0,10
BRDA:124,47,0,2
BRDA:127,48,0,1
BRDA:129,49,0,11
BRDA:154,50,0,8
BRDA:161,51,0,3
BRDA:162,52,0,1
BRDA:162,53,0,1
BRDA:165,54,0,2
BRDA:167,55,0,1
BRDA:167,56,0,1
BRDA:170,57,0,10
BRDA:170,58,0,11
BRDA:134,59,0,11
BRDA:147,60,0,4
BRDA:150,61,0,4
BRDA:158,62,0,8
BRDA:163,63,0,1
BRDA:163,64,0,0
BRDA:169,65,0,2
BRDA:169,66,0,1
BRDA:169,67,0,1
BRF:68
BRH:64
end_of_record
TN:
SF:services/providerRegistry.ts
FN:33,sanitizeModelOptions
FN:65,cloneModels
FN:81,registerProviderModels
FN:91,getProviderLabel
FN:101,requiresApiKey
FN:111,requiresEmbeddingApiKey
FN:121,getEmbeddingProviderDefaultEndpoint
FN:135,attemptDynamicModelFetch
FN:190,fetchModelsForProvider
FNF:9
FNH:9
FNDA:158,sanitizeModelOptions
FNDA:125,cloneModels
FNDA:124,registerProviderModels
FNDA:9,getProviderLabel
FNDA:138,requiresApiKey
FNDA:14,requiresEmbeddingApiKey
FNDA:13,getEmbeddingProviderDefaultEndpoint
FNDA:9,attemptDynamicModelFetch
FNDA:128,fetchModelsForProvider
DA:1,1
DA:15,1
DA:16,1
DA:18,1
DA:19,1
DA:21,1
DA:22,1
DA:23,1
DA:24,1
DA:33,1
DA:34,158
DA:35,158
DA:36,371
DA:37,0
DA:38,0
DA:39,371
DA:40,371
DA:41,1
DA:42,1
DA:43,370
DA:44,369
DA:45,1
DA:46,371
DA:47,368
DA:48,2
DA:49,371
DA:50,370
DA:51,2
DA:52,2
DA:53,370
DA:54,370
DA:55,158
DA:56,158
DA:57,158
DA:65,1
DA:67,1
DA:69,1
DA:70,24
DA:71,24
DA:72,24
DA:73,24
DA:81,1
DA:82,124
DA:83,124
DA:91,1
DA:92,9
DA:93,9
DA:101,1
DA:102,138
DA:103,138
DA:111,1
DA:112,14
DA:113,14
DA:121,1
DA:122,13
DA:123,13
DA:124,13
DA:125,13
DA:135,1
DA:136,9
DA:137,9
DA:138,9
DA:139,9
DA:140,9
DA:141,9
DA:142,1
DA:143,1
DA:145,9
DA:146,9
DA:147,1
DA:148,1
DA:150,7
DA:151,9
DA:152,1
DA:153,1
DA:155,6
DA:156,6
DA:157,9
DA:158,1
DA:159,1
DA:160,3
DA:161,3
DA:162,9
DA:163,1
DA:164,1
DA:165,2
DA:166,2
DA:167,2
DA:168,2
DA:169,1
DA:170,1
DA:171,1
DA:172,1
DA:173,1
DA:174,9
DA:190,1
DA:191,128
DA:192,128
DA:193,128
DA:194,128
DA:195,128
DA:196,128
DA:197,128
DA:198,128
DA:200,128
DA:201,9
DA:202,9
DA:203,2
DA:204,2
DA:205,9
DA:207,125
DA:208,128
DA:209,116
DA:210,116
DA:212,9
DA:213,128
DA:214,7
DA:215,7
DA:216,7
DA:217,7
DA:219,2
DA:220,128
DA:221,1
DA:222,1
DA:224,1
DA:225,1
LF:126
LH:124
BRDA:16,0,0,24
BRDA:19,1,0,20
BRDA:21,2,0,24
BRDA:23,3,0,20
BRDA:33,4,0,158
BRDA:35,5,0,371
BRDA:36,6,0,0
BRDA:40,7,0,1
BRDA:42,8,0,370
BRDA:43,9,0,369
BRDA:44,10,0,1
BRDA:46,11,0,368
BRDA:46,12,0,368
BRDA:47,13,0,2
BRDA:49,14,0,370
BRDA:50,15,0,368
BRDA:50,16,0,2
BRDA:56,17,0,233
BRDA:65,18,0,125
BRDA:65,19,0,310
BRDA:69,20,0,24
BRDA:71,21,0,0
BRDA:81,22,0,124
BRDA:91,23,0,9
BRDA:92,24,0,8
BRDA:92,25,0,1
BRDA:101,26,0,138
BRDA:102,27,0,136
BRDA:102,28,0,2
BRDA:111,29,0,14
BRDA:112,30,0,13
BRDA:112,31,0,1
BRDA:121,32,0,13
BRDA:135,33,0,9
BRDA:141,34,0,1
BRDA:143,35,0,8
BRDA:145,36,0,7
BRDA:146,37,0,7
BRDA:146,38,0,6
BRDA:146,39,0,1
BRDA:148,40,0,7
BRDA:151,41,0,1
BRDA:153,42,0,6
BRDA:156,43,0,4
BRDA:157,44,0,1
BRDA:159,45,0,3
BRDA:162,46,0,1
BRDA:164,47,0,2
BRDA:168,48,0,1
BRDA:168,49,0,1
BRDA:190,50,0,128
BRDA:195,51,0,8
BRDA:197,52,0,9
BRDA:198,53,0,9
BRDA:198,54,0,119
BRDA:200,55,0,119
BRDA:200,56,0,0
BRDA:200,57,0,9
BRDA:201,58,0,8
BRDA:202,59,0,2
BRDA:202,60,0,2
BRDA:205,61,0,125
BRDA:208,62,0,124
BRDA:208,63,0,116
BRDA:210,64,0,9
BRDA:213,65,0,8
BRDA:213,66,0,7
BRDA:217,67,0,2
BRDA:220,68,0,1
BRF:69
BRH:66
end_of_record
TN:
SF:utils/deepClone.ts
FN:1,deepClone
FNF:1
FNH:1
FNDA:114,deepClone
DA:1,1
DA:2,114
DA:3,113
DA:4,113
DA:5,1
DA:6,1
LF:6
LH:6
BRDA:1,0,0,114
BRDA:2,1,0,113
BRDA:4,2,0,1
BRF:3
BRH:3
end_of_record
